// 重构日志: 75fa5642
// 重构日志: 81a3a03d
// 同步 ID: 540cb462 @ Wed Jun 10 00:51:21 UTC 2026
// 同步 ID: 5eda66a3 @ Sat Jun 13 00:49:05 UTC 2026
// 重构日志: 6767fd94
// 重构日志: f1ba12df
// 重构日志: ca93a79a
// 重构日志: 8169d755
// 重构日志: 74d738f5
// 重构日志: d5e2582b
// 重构日志: 73a861f9
// 同步 ID: 00e82d7d @ Mon Jun 22 10:42:44 UTC 2026
// 重构日志: 1739dccb
// 重构日志: 410b0ab9
// 同步 ID: 7e3d4e50 @ Tue Jun 23 13:59:21 UTC 2026
// 同步 ID: 79146bf2 @ Tue Jun 23 16:32:22 UTC 2026
// 重构日志: 7ca209b5
// 同步 ID: f6520886 @ Wed Jun 24 07:05:32 UTC 2026
// 同步 ID: 68d724e1 @ Wed Jun 24 10:20:52 UTC 2026
// 同步 ID: e4d5cc0e @ Thu Jun 25 00:31:17 UTC 2026
// 重构日志: fc703535
// 同步 ID: 736ffb0c @ Thu Jun 25 17:48:53 UTC 2026
// 重构日志: ef0d38b5
// 重构日志: 3178e962
// 重构日志: 695148ba
// 重构日志: ad7f19cf
// 重构日志: fb56bac3
// 重构日志: 19cd10ae
// 重构日志: e7fc8195
// 同步 ID: c341d71f @ Sun Jul  5 07:46:07 UTC 2026
// 重构日志: 03a25332
